This is XeTeX, Version 3.141592653-2.6-0.999996 (TeX Live 2024) (preloaded format=xelatex 2024.7.24)  17 SEP 2024 02:37
entering extended mode
 restricted \write18 enabled.
 %&-line parsing enabled.
**vector_derivative.tex
(./vector_derivative.tex
LaTeX2e <2023-11-01> patch level 1
L3 programming layer <2024-02-20>
)
! Emergency stop.
<*> vector_derivative.tex
                         
*** (job aborted, no legal \end found)

 
Here is how much of TeX's memory you used:
 15 strings out of 474773
 337 string characters out of 5757724
 1917839 words of memory out of 5000000
 22269 multiletter control sequences out of 15000+600000
 558069 words of font info for 36 fonts, out of 8000000 for 9000
 1348 hyphenation exceptions out of 8191
 11i,0n,13p,53b,8s stack positions out of 10000i,1000n,20000p,200000b,200000s
No pages of output.
